<?xml version="1.0" encoding="UTF-8"?>
<testsuite name="edu.coursera.parallel.SetupTest" tests="1" skipped="0" failures="0" errors="0" timestamp="2019-01-08T03:25:18" hostname="Annas-MacBook-Air.local" time="0.074">
  <properties/>
  <testcase name="testSetup" classname="edu.coursera.parallel.SetupTest" time="0.074"/>
  <system-out><![CDATA[]]></system-out>
  <system-err><![CDATA[]]></system-err>
</testsuite>
